[2024-11-11T16:19:24.482Z] Connection closed for:  https://www.youtube.com/watch?v=v--qJj_7PLQ
[2024-11-11T16:23:32.948Z] Connection closed for (audio): https://www.youtube.com/watch?v=v--qJj_7PLQ
[2024-11-11T16:23:32.949Z] 
Process exited with code 0
[2024-11-11T16:24:15.120Z] Connection closed for (audio): https://www.youtube.com/watch?v=v--qJj_7PLQ
[2024-11-11T16:24:15.121Z] 
Process exited with code 0
[2024-11-11T16:49:39.061Z] Connection closed for: https://www.youtube.com/watch?v=v--qJj_7PLQ
[2024-11-11T16:49:39.063Z] 
Process exited with code 0
[2024-11-11T17:10:34.486Z] Connection closed for (audio): https://www.youtube.com/watch?v=v--qJj_7PLQ
[2024-11-11T17:10:34.487Z] 
Process exited with code 0
[2024-11-11T17:10:40.329Z] Connection closed for (audio): https://www.youtube.com/watch?v=v--qJj_7PLQ
[2024-11-11T17:10:40.329Z] 
Process exited with code 0
[2024-11-11T17:12:49.771Z] Connection closed for (audio): https://www.youtube.com/watch?v=v--qJj_7PLQ
[2024-11-11T17:12:49.772Z] 
Process exited with code 0
[2024-11-11T17:13:04.879Z] Connection closed for (audio): https://www.youtube.com/watch?v=v--qJj_7PLQ
[2024-11-11T17:13:04.880Z] 
Process exited with code 0
[2024-11-11T17:13:54.285Z] Connection closed for (audio): https://www.youtube.com/watch?v=v--qJj_7PLQ
[2024-11-11T17:13:54.286Z] 
Process exited with code 0
[2024-11-11T17:14:49.693Z] Connection closed for (audio): https://www.youtube.com/watch?v=v--qJj_7PLQ
[2024-11-11T17:14:49.695Z] 
Process exited with code 0
[2024-11-11T17:15:14.091Z] Connection closed for (audio): https://www.youtube.com/watch?v=v--qJj_7PLQ
[2024-11-11T17:15:14.092Z] 
Process exited with code 0
[2024-11-11T17:15:53.051Z] Connection closed for: https://x.com/weirddalle/status/1850118117587878140
[2024-11-11T17:15:53.052Z] 
Process exited with code 0
[2024-11-11T17:16:10.612Z] Connection closed for: https://www.tiktok.com/@sabrinacarpenter/video/7411244147648023851
[2024-11-11T17:16:10.612Z] 
Process exited with code 0
[2024-11-11T17:16:34.090Z] 
Process exited with code 0
[2024-11-11T17:16:34.113Z] Connection closed for (audio): https://www.tiktok.com/@sabrinacarpenter/video/7411244147648023851
[2024-11-11T17:46:36.091Z] Connection closed for: https://www.youtube.com/watch?v=dVrUccGlArE
[2024-11-11T17:46:36.092Z] 
Process exited with code 0
[2024-11-11T17:48:07.041Z] Connection closed for: https://www.tiktok.com/@scjn47xjns37xwdjn/video/7420765093249420566?is_from_webapp=1
[2024-11-11T17:48:07.042Z] 
Process exited with code 0
[2024-11-11T17:49:39.688Z] Connection closed for: https://youtu.be/TFigEyUK1jE?si=_xREGUp6N7zFkMGp
[2024-11-11T17:49:39.688Z] 
Process exited with code 0
[2024-11-11T17:50:47.025Z] Connection closed for: https://x.com/dominikserwacki/status/1855995541060001929?s=46
[2024-11-11T17:50:47.025Z] 
Process exited with code 0
[2024-11-11T17:51:06.951Z] Connection closed for: https://x.com/dominikserwacki/status/1855995541060001929?s=46
[2024-11-11T17:51:07.466Z] 
Process exited with code null
[2024-11-11T17:51:28.360Z] Connection closed for: https://x.com/dominikserwacki/status/1855995541060001929?s=46
[2024-11-11T17:51:28.770Z] 
Process exited with code null
[2024-11-11T17:51:36.339Z] Connection closed for: https://x.com/dominikserwacki/status/1855995541060001929?s=46
[2024-11-11T17:51:36.339Z] 
Process exited with code 0
[2024-11-11T17:51:40.409Z] Connection closed for: https://x.com/dominikserwacki/status/1855995541060001929?s=46
[2024-11-11T17:51:40.617Z] 
Process exited with code null
[2024-11-11T18:12:49.920Z] Connection closed for: https://youtu.be/TFigEyUK1jE?si=_xREGUp6N7zFkMGp
[2024-11-11T18:12:49.921Z] 
Process exited with code 0
[2024-11-11T18:15:23.783Z] Connection closed for: https://x.com/dominikserwacki/status/1855995541060001929?s=46
[2024-11-11T18:15:23.783Z] 
Process exited with code 0
[2024-11-11T18:15:26.129Z] Connection closed for: https://x.com/dominikserwacki/status/1855995541060001929?s=46
[2024-11-11T18:15:26.134Z] 
Process exited with code null
[2024-11-11T18:15:57.537Z] Connection closed for: https://x.com/marek_kuna_/status/1855963968239554684?s=46
[2024-11-11T18:15:57.538Z] 
Process exited with code 0
[2024-11-11T18:16:01.247Z] Connection closed for: https://x.com/dominikserwacki/status/1855995541060001929?s=46
[2024-11-11T18:16:01.247Z] 
Process exited with code 0
[2024-11-11T18:17:18.365Z] Connection closed for: https://x.com/marek_kuna_/status/1855963968239554684?s=46
[2024-11-11T18:17:18.366Z] 
Process exited with code 0
[2024-11-11T18:35:04.939Z] Connection closed for (audio): https://x.com/marek_kuna_/status/1855963968239554684?s=46
[2024-11-11T18:35:04.940Z] 
Process exited with code 0
[2024-11-11T18:38:13.310Z] Connection closed for: https://youtu.be/TFigEyUK1jE?si=_xREGUp6N7zFkMGp
[2024-11-11T18:38:13.311Z] 
Process exited with code 0
